{"contracts/Raffle.sol":{"l":{"84":63,"96":22,"97":22,"98":22,"109":22,"110":22,"111":22,"115":21,"123":16,"124":16,"126":15,"127":15,"129":15,"137":15,"145":15,"158":18,"161":18,"163":18,"164":17,"165":1,"166":16,"167":16,"168":16,"171":16,"174":16,"176":16,"178":16,"181":16,"184":16,"186":2,"189":2,"192":12,"193":12,"194":12,"195":12,"198":12,"202":16,"204":16,"206":16,"210":3,"213":2,"217":2,"219":2,"220":2,"223":2,"231":2,"234":2,"242":2,"244":2,"251":2,"253":2,"260":2,"275":15,"283":2,"285":2,"296":2,"298":2,"306":1,"314":1,"322":1,"330":0,"338":1,"346":1,"350":3},"path":"/Users/cryptogirl/LinumLabs/nft-raffle/contracts/Raffle.sol","s":{"1":63,"2":22,"3":22,"4":22,"5":22,"6":22,"7":22,"8":21,"9":16,"10":16,"11":15,"12":15,"13":15,"14":15,"15":18,"16":18,"17":18,"18":17,"19":16,"20":16,"21":16,"22":16,"23":16,"24":16,"25":16,"26":16,"27":2,"28":2,"29":14,"30":12,"31":12,"32":12,"33":12,"34":12,"35":16,"36":16,"37":16,"38":3,"39":2,"40":2,"41":2,"42":2,"43":2,"44":2,"45":2,"46":2,"47":2,"48":2,"49":2,"50":2,"51":15,"52":2,"53":2,"54":2,"55":2,"56":1,"57":1,"58":1,"59":0,"60":1,"61":1,"62":3},"b":{"1":[0,22],"2":[0,22],"3":[1,15],"4":[1,17],"5":[1,16],"6":[2,14],"7":[12,2],"8":[1,2]},"f":{"1":63,"2":22,"3":22,"4":21,"5":16,"6":18,"7":3,"8":15,"9":2,"10":1,"11":1,"12":1,"13":0,"14":1,"15":1,"16":3},"fnMap":{"1":{"name":"constructor","line":83,"loc":{"start":{"line":83,"column":2},"end":{"line":85,"column":2}}},"2":{"name":"setDAOWalletAddress","line":95,"loc":{"start":{"line":95,"column":2},"end":{"line":99,"column":2}}},"3":{"name":"setNftAuthorWalletAddress","line":107,"loc":{"start":{"line":105,"column":2},"end":{"line":112,"column":2}}},"4":{"name":"setCuratorRole","line":114,"loc":{"start":{"line":114,"column":2},"end":{"line":116,"column":2}}},"5":{"name":"createRaffle","line":120,"loc":{"start":{"line":118,"column":2},"end":{"line":146,"column":2}}},"6":{"name":"donate","line":155,"loc":{"start":{"line":152,"column":2},"end":{"line":207,"column":2}}},"7":{"name":"sendNFTRewards","line":209,"loc":{"start":{"line":209,"column":2},"end":{"line":261,"column":2}}},"8":{"name":"onERC1155Received","line":267,"loc":{"start":{"line":267,"column":2},"end":{"line":276,"column":2}}},"9":{"name":"_calcRandomDonor","line":282,"loc":{"start":{"line":282,"column":2},"end":{"line":299,"column":2}}},"10":{"name":"getRaffle","line":305,"loc":{"start":{"line":305,"column":2},"end":{"line":307,"column":2}}},"11":{"name":"getDonation","line":309,"loc":{"start":{"line":309,"column":2},"end":{"line":315,"column":2}}},"12":{"name":"getTotalDonationsPerCycle","line":317,"loc":{"start":{"line":317,"column":2},"end":{"line":323,"column":2}}},"13":{"name":"getDonorsPerCycle","line":325,"loc":{"start":{"line":325,"column":2},"end":{"line":331,"column":2}}},"14":{"name":"getTotalDonationPerAddressPerCycle","line":333,"loc":{"start":{"line":333,"column":2},"end":{"line":339,"column":2}}},"15":{"name":"getHighestDonationPerCycle","line":341,"loc":{"start":{"line":341,"column":2},"end":{"line":347,"column":2}}},"16":{"name":"getTopDonor","line":349,"loc":{"start":{"line":349,"column":2},"end":{"line":351,"column":2}}}},"statementMap":{"1":{"start":{"line":84,"column":4},"end":{"line":84,"column":23}},"2":{"start":{"line":96,"column":4},"end":{"line":96,"column":64}},"3":{"start":{"line":97,"column":4},"end":{"line":97,"column":25}},"4":{"start":{"line":98,"column":4},"end":{"line":98,"column":40}},"5":{"start":{"line":109,"column":4},"end":{"line":109,"column":70}},"6":{"start":{"line":110,"column":4},"end":{"line":110,"column":37}},"7":{"start":{"line":111,"column":4},"end":{"line":111,"column":52}},"8":{"start":{"line":115,"column":4},"end":{"line":115,"column":36}},"9":{"start":{"line":123,"column":4},"end":{"line":123,"column":52}},"10":{"start":{"line":124,"column":4},"end":{"line":124,"column":73}},"11":{"start":{"line":127,"column":4},"end":{"line":127,"column":33}},"12":{"start":{"line":129,"column":4},"end":{"line":129,"column":4284}},"13":{"start":{"line":137,"column":4},"end":{"line":137,"column":4446}},"14":{"start":{"line":145,"column":4},"end":{"line":145,"column":22}},"15":{"start":{"line":158,"column":4},"end":{"line":158,"column":41}},"16":{"start":{"line":161,"column":4},"end":{"line":161,"column":51}},"17":{"start":{"line":163,"column":4},"end":{"line":163,"column":76}},"18":{"start":{"line":164,"column":4},"end":{"line":164,"column":5123}},"19":{"start":{"line":167,"column":4},"end":{"line":167,"column":40}},"20":{"start":{"line":168,"column":4},"end":{"line":168,"column":39}},"21":{"start":{"line":171,"column":4},"end":{"line":171,"column":76}},"22":{"start":{"line":174,"column":4},"end":{"line":174,"column":55}},"23":{"start":{"line":176,"column":4},"end":{"line":176,"column":49}},"24":{"start":{"line":178,"column":4},"end":{"line":178,"column":5616}},"25":{"start":{"line":181,"column":4},"end":{"line":181,"column":56}},"26":{"start":{"line":184,"column":4},"end":{"line":184,"column":5835}},"27":{"start":{"line":186,"column":6},"end":{"line":186,"column":55}},"28":{"start":{"line":189,"column":6},"end":{"line":189,"column":38}},"29":{"start":{"line":190,"column":11},"end":{"line":190,"column":6075}},"30":{"start":{"line":192,"column":6},"end":{"line":192,"column":66}},"31":{"start":{"line":193,"column":6},"end":{"line":193,"column":61}},"32":{"start":{"line":194,"column":6},"end":{"line":194,"column":40}},"33":{"start":{"line":195,"column":6},"end":{"line":195,"column":36}},"34":{"start":{"line":198,"column":6},"end":{"line":198,"column":38}},"35":{"start":{"line":202,"column":4},"end":{"line":202,"column":61}},"36":{"start":{"line":204,"column":4},"end":{"line":204,"column":63}},"37":{"start":{"line":206,"column":4},"end":{"line":206,"column":24}},"38":{"start":{"line":210,"column":4},"end":{"line":210,"column":79}},"39":{"start":{"line":213,"column":4},"end":{"line":213,"column":52}},"40":{"start":{"line":217,"column":4},"end":{"line":217,"column":44}},"41":{"start":{"line":219,"column":4},"end":{"line":219,"column":62}},"42":{"start":{"line":220,"column":4},"end":{"line":220,"column":47}},"43":{"start":{"line":223,"column":4},"end":{"line":223,"column":7121}},"44":{"start":{"line":231,"column":4},"end":{"line":231,"column":44}},"45":{"start":{"line":234,"column":4},"end":{"line":234,"column":7329}},"46":{"start":{"line":242,"column":4},"end":{"line":242,"column":47}},"47":{"start":{"line":244,"column":4},"end":{"line":244,"column":7540}},"48":{"start":{"line":251,"column":4},"end":{"line":251,"column":45}},"49":{"start":{"line":253,"column":4},"end":{"line":253,"column":7746}},"50":{"start":{"line":260,"column":4},"end":{"line":260,"column":51}},"51":{"start":{"line":275,"column":4},"end":{"line":275,"column":21}},"52":{"start":{"line":283,"column":4},"end":{"line":283,"column":65}},"53":{"start":{"line":285,"column":4},"end":{"line":285,"column":8758}},"54":{"start":{"line":296,"column":4},"end":{"line":296,"column":63}},"55":{"start":{"line":298,"column":4},"end":{"line":298,"column":17}},"56":{"start":{"line":306,"column":4},"end":{"line":306,"column":28}},"57":{"start":{"line":314,"column":4},"end":{"line":314,"column":32}},"58":{"start":{"line":322,"column":4},"end":{"line":322,"column":43}},"59":{"start":{"line":330,"column":4},"end":{"line":330,"column":40}},"60":{"start":{"line":338,"column":4},"end":{"line":338,"column":61}},"61":{"start":{"line":346,"column":4},"end":{"line":346,"column":36}},"62":{"start":{"line":350,"column":4},"end":{"line":350,"column":29}}},"branchMap":{"1":{"line":96,"type":"if","locations":[{"start":{"line":96,"column":4},"end":{"line":96,"column":4}},{"start":{"line":96,"column":4},"end":{"line":96,"column":4}}]},"2":{"line":109,"type":"if","locations":[{"start":{"line":109,"column":4},"end":{"line":109,"column":4}},{"start":{"line":109,"column":4},"end":{"line":109,"column":4}}]},"3":{"line":124,"type":"if","locations":[{"start":{"line":124,"column":4},"end":{"line":124,"column":4}},{"start":{"line":124,"column":4},"end":{"line":124,"column":4}}]},"4":{"line":163,"type":"if","locations":[{"start":{"line":163,"column":4},"end":{"line":163,"column":4}},{"start":{"line":163,"column":4},"end":{"line":163,"column":4}}]},"5":{"line":164,"type":"if","locations":[{"start":{"line":164,"column":4},"end":{"line":164,"column":4}},{"start":{"line":164,"column":4},"end":{"line":164,"column":4}}]},"6":{"line":184,"type":"if","locations":[{"start":{"line":184,"column":4},"end":{"line":184,"column":4}},{"start":{"line":184,"column":4},"end":{"line":184,"column":4}}]},"7":{"line":190,"type":"if","locations":[{"start":{"line":190,"column":11},"end":{"line":190,"column":11}},{"start":{"line":190,"column":11},"end":{"line":190,"column":11}}]},"8":{"line":210,"type":"if","locations":[{"start":{"line":210,"column":4},"end":{"line":210,"column":4}},{"start":{"line":210,"column":4},"end":{"line":210,"column":4}}]}}},"contracts/RewardNFT.sol":{"l":{"10":0,"19":21,"28":0,"38":23,"42":23,"52":0,"56":0},"path":"/Users/cryptogirl/LinumLabs/nft-raffle/contracts/RewardNFT.sol","s":{"1":0,"2":21,"3":0,"4":23,"5":23,"6":0,"7":0},"b":{"1":[23,0],"2":[0,0]},"f":{"1":63,"2":0,"3":21,"4":0,"5":23,"6":0},"fnMap":{"1":{"name":"constructor","line":7,"loc":{"start":{"line":7,"column":4},"end":{"line":7,"column":31}}},"2":{"name":"setURI","line":9,"loc":{"start":{"line":9,"column":4},"end":{"line":11,"column":4}}},"3":{"name":"mint","line":13,"loc":{"start":{"line":13,"column":4},"end":{"line":20,"column":4}}},"4":{"name":"batchMint","line":22,"loc":{"start":{"line":22,"column":4},"end":{"line":29,"column":4}}},"5":{"name":"safeTransferFrom","line":31,"loc":{"start":{"line":31,"column":4},"end":{"line":43,"column":4}}},"6":{"name":"safeBatchTransferFrom","line":45,"loc":{"start":{"line":45,"column":4},"end":{"line":57,"column":4}}}},"statementMap":{"1":{"start":{"line":10,"column":8},"end":{"line":10,"column":22}},"2":{"start":{"line":19,"column":8},"end":{"line":19,"column":34}},"3":{"start":{"line":28,"column":8},"end":{"line":28,"column":41}},"4":{"start":{"line":38,"column":8},"end":{"line":38,"column":890}},"5":{"start":{"line":42,"column":8},"end":{"line":42,"column":52}},"6":{"start":{"line":52,"column":8},"end":{"line":52,"column":1302}},"7":{"start":{"line":56,"column":8},"end":{"line":56,"column":59}}},"branchMap":{"1":{"line":38,"type":"if","locations":[{"start":{"line":38,"column":8},"end":{"line":38,"column":8}},{"start":{"line":38,"column":8},"end":{"line":38,"column":8}}]},"2":{"line":52,"type":"if","locations":[{"start":{"line":52,"column":8},"end":{"line":52,"column":8}},{"start":{"line":52,"column":8},"end":{"line":52,"column":8}}]}}},"contracts/TestUSDC.sol":{"l":{"12":0,"13":0},"path":"/Users/cryptogirl/LinumLabs/nft-raffle/contracts/TestUSDC.sol","s":{"1":0,"2":0},"b":{},"f":{"1":0},"fnMap":{"1":{"name":"constructor","line":11,"loc":{"start":{"line":7,"column":4},"end":{"line":14,"column":4}}}},"statementMap":{"1":{"start":{"line":12,"column":8},"end":{"line":12,"column":38}},"2":{"start":{"line":13,"column":8},"end":{"line":13,"column":62}}},"branchMap":{}}}