TN:
SF:/Users/cryptogirl/LinumLabs/nft-raffle/contracts/Raffle.sol
FN:83,constructor
FN:95,setDAOWalletAddress
FN:107,setNftAuthorWalletAddress
FN:114,setCuratorRole
FN:120,createRaffle
FN:155,donate
FN:209,sendNFTRewards
FN:267,onERC1155Received
FN:282,_calcRandomDonor
FN:305,getRaffle
FN:309,getDonation
FN:317,getTotalDonationsPerCycle
FN:325,getDonorsPerCycle
FN:333,getTotalDonationPerAddressPerCycle
FN:341,getHighestDonationPerCycle
FN:349,getTopDonor
FNF:16
FNH:15
FNDA:63,constructor
FNDA:22,setDAOWalletAddress
FNDA:22,setNftAuthorWalletAddress
FNDA:21,setCuratorRole
FNDA:16,createRaffle
FNDA:18,donate
FNDA:3,sendNFTRewards
FNDA:15,onERC1155Received
FNDA:2,_calcRandomDonor
FNDA:1,getRaffle
FNDA:1,getDonation
FNDA:1,getTotalDonationsPerCycle
FNDA:0,getDonorsPerCycle
FNDA:1,getTotalDonationPerAddressPerCycle
FNDA:1,getHighestDonationPerCycle
FNDA:3,getTopDonor
DA:84,63
DA:96,22
DA:97,22
DA:98,22
DA:109,22
DA:110,22
DA:111,22
DA:115,21
DA:123,16
DA:124,16
DA:126,15
DA:127,15
DA:129,15
DA:137,15
DA:145,15
DA:158,18
DA:161,18
DA:163,18
DA:164,17
DA:165,1
DA:166,16
DA:167,16
DA:168,16
DA:171,16
DA:174,16
DA:176,16
DA:178,16
DA:181,16
DA:184,16
DA:186,2
DA:189,2
DA:192,12
DA:193,12
DA:194,12
DA:195,12
DA:198,12
DA:202,16
DA:204,16
DA:206,16
DA:210,3
DA:213,2
DA:217,2
DA:219,2
DA:220,2
DA:223,2
DA:231,2
DA:234,2
DA:242,2
DA:244,2
DA:251,2
DA:253,2
DA:260,2
DA:275,15
DA:283,2
DA:285,2
DA:296,2
DA:298,2
DA:306,1
DA:314,1
DA:322,1
DA:330,0
DA:338,1
DA:346,1
DA:350,3
LF:64
LH:63
BRDA:96,1,0,0
BRDA:96,1,1,22
BRDA:109,2,0,0
BRDA:109,2,1,22
BRDA:124,3,0,1
BRDA:124,3,1,15
BRDA:163,4,0,1
BRDA:163,4,1,17
BRDA:164,5,0,1
BRDA:164,5,1,16
BRDA:184,6,0,2
BRDA:184,6,1,14
BRDA:190,7,0,12
BRDA:190,7,1,2
BRDA:210,8,0,1
BRDA:210,8,1,2
BRF:16
BRH:14
end_of_record
TN:
SF:/Users/cryptogirl/LinumLabs/nft-raffle/contracts/RewardNFT.sol
FN:7,constructor
FN:9,setURI
FN:13,mint
FN:22,batchMint
FN:31,safeTransferFrom
FN:45,safeBatchTransferFrom
FNF:6
FNH:3
FNDA:63,constructor
FNDA:0,setURI
FNDA:21,mint
FNDA:0,batchMint
FNDA:23,safeTransferFrom
FNDA:0,safeBatchTransferFrom
DA:10,0
DA:19,21
DA:28,0
DA:38,23
DA:42,23
DA:52,0
DA:56,0
LF:7
LH:3
BRDA:38,1,0,23
BRDA:38,1,1,0
BRDA:52,2,0,0
BRDA:52,2,1,0
BRF:4
BRH:1
end_of_record
TN:
SF:/Users/cryptogirl/LinumLabs/nft-raffle/contracts/TestUSDC.sol
FN:11,constructor
FNF:1
FNH:0
FNDA:0,constructor
DA:12,0
DA:13,0
LF:2
LH:0
BRF:0
BRH:0
end_of_record
